c:\users\karen\desktop\studium\a-zweitstudium\3. semester\game engineering\übungen\übung 1-6\vektoriaapp\x64\debug\vc143.pdb
c:\users\karen\desktop\studium\a-zweitstudium\3. semester\game engineering\übungen\übung 1-6\vektoriaapp\x64\debug\vc143.idb
c:\users\karen\desktop\studium\a-zweitstudium\3. semester\game engineering\übungen\übung 1-6\vektoriaapp\x64\debug\vektoriaapp.obj
c:\users\karen\desktop\studium\a-zweitstudium\3. semester\game engineering\übungen\übung 1-6\vektoriaapp\x64\debug\game.obj
c:\users\karen\desktop\studium\a-zweitstudium\3. semester\game engineering\vektoria\vektoria live\apphallokugel\x64\debug\vektoriaapp.exe
c:\users\karen\desktop\studium\a-zweitstudium\3. semester\game engineering\vektoria\vektoria live\apphallokugel\x64\debug\vektoriaapp.pdb
c:\users\karen\desktop\studium\a-zweitstudium\3. semester\game engineering\übungen\übung 1-6\x64\debug\vektoriaapp.exe
c:\users\karen\desktop\studium\a-zweitstudium\3. semester\game engineering\übungen\übung 1-6\x64\debug\vektoriaapp.pdb
c:\users\karen\desktop\studium\a-zweitstudium\3. semester\game engineering\vektoria\vektoria live\apphallokugel\vektoriaapp\x64\debug\vektoriaapp.res
c:\users\karen\desktop\studium\a-zweitstudium\3. semester\game engineering\übungen\übung 1-6\vektoriaapp\x64\debug\vektoriaapp.res
c:\users\karen\desktop\studium\a-zweitstudium\3. semester\game engineering\übungen\übung 1-6\vektoriaapp\x64\debug\vektoriaapp.ilk
c:\users\karen\desktop\studium\a-zweitstudium\3. semester\game engineering\übungen\übung 1-6\vektoriaapp\x64\debug\vektoriaapp.tlog\cl.command.1.tlog
c:\users\karen\desktop\studium\a-zweitstudium\3. semester\game engineering\übungen\übung 1-6\vektoriaapp\x64\debug\vektoriaapp.tlog\cl.items.tlog
c:\users\karen\desktop\studium\a-zweitstudium\3. semester\game engineering\übungen\übung 1-6\vektoriaapp\x64\debug\vektoriaapp.tlog\cl.read.1.tlog
c:\users\karen\desktop\studium\a-zweitstudium\3. semester\game engineering\übungen\übung 1-6\vektoriaapp\x64\debug\vektoriaapp.tlog\cl.write.1.tlog
c:\users\karen\desktop\studium\a-zweitstudium\3. semester\game engineering\übungen\übung 1-6\vektoriaapp\x64\debug\vektoriaapp.tlog\link.command.1.tlog
c:\users\karen\desktop\studium\a-zweitstudium\3. semester\game engineering\übungen\übung 1-6\vektoriaapp\x64\debug\vektoriaapp.tlog\link.read.1.tlog
c:\users\karen\desktop\studium\a-zweitstudium\3. semester\game engineering\übungen\übung 1-6\vektoriaapp\x64\debug\vektoriaapp.tlog\link.secondary.1.tlog
c:\users\karen\desktop\studium\a-zweitstudium\3. semester\game engineering\übungen\übung 1-6\vektoriaapp\x64\debug\vektoriaapp.tlog\link.write.1.tlog
c:\users\karen\desktop\studium\a-zweitstudium\3. semester\game engineering\übungen\übung 1-6\vektoriaapp\x64\debug\vektoriaapp.tlog\rc.command.1.tlog
c:\users\karen\desktop\studium\a-zweitstudium\3. semester\game engineering\übungen\übung 1-6\vektoriaapp\x64\debug\vektoriaapp.tlog\rc.read.1.tlog
c:\users\karen\desktop\studium\a-zweitstudium\3. semester\game engineering\übungen\übung 1-6\vektoriaapp\x64\debug\vektoriaapp.tlog\rc.write.1.tlog
