  Game.cpp
  C:\Program Files (x86)\Windows Kits\10\Include\10.0.22621.0\um\dinput.h: DIRECTINPUT_VERSION undefined. Defaulting to version 0x0800
  VektoriaApp.cpp
  C:\Program Files (x86)\Windows Kits\10\Include\10.0.22621.0\um\dinput.h: DIRECTINPUT_VERSION undefined. Defaulting to version 0x0800
  Generating Code...
Vektoria_Debug64.lib(Node.obj) : warning LNK4099: PDB '' was not found with 'Vektoria_Debug64.lib(Node.obj)' or at ''; linking object as if no debug info
Vektoria_Debug64.lib(Image.obj) : warning LNK4099: PDB '' was not found with 'Vektoria_Debug64.lib(Image.obj)' or at ''; linking object as if no debug info
Vektoria_Debug64.lib(Material.obj) : warning LNK4099: PDB '' was not found with 'Vektoria_Debug64.lib(Material.obj)' or at ''; linking object as if no debug info
Vektoria_Debug64.lib(Geo.obj) : warning LNK4099: PDB '' was not found with 'Vektoria_Debug64.lib(Geo.obj)' or at ''; linking object as if no debug info
Vektoria_Debug64.lib(LightParallel.obj) : warning LNK4099: PDB '' was not found with 'Vektoria_Debug64.lib(LightParallel.obj)' or at ''; linking object as if no debug info
Vektoria_Debug64.lib(Camera.obj) : warning LNK4099: PDB '' was not found with 'Vektoria_Debug64.lib(Camera.obj)' or at ''; linking object as if no debug info
Vektoria_Debug64.lib(Audio.obj) : warning LNK4099: PDB '' was not found with 'Vektoria_Debug64.lib(Audio.obj)' or at ''; linking object as if no debug info
Vektoria_Debug64.lib(Scene.obj) : warning LNK4099: PDB '' was not found with 'Vektoria_Debug64.lib(Scene.obj)' or at ''; linking object as if no debug info
Vektoria_Debug64.lib(Node2D.obj) : warning LNK4099: PDB '' was not found with 'Vektoria_Debug64.lib(Node2D.obj)' or at ''; linking object as if no debug info
Vektoria_Debug64.lib(HitPoint.obj) : warning LNK4099: PDB '' was not found with 'Vektoria_Debug64.lib(HitPoint.obj)' or at ''; linking object as if no debug info
Vektoria_Debug64.lib(GeoTriangleStrip.obj) : warning LNK4099: PDB '' was not found with 'Vektoria_Debug64.lib(GeoTriangleStrip.obj)' or at ''; linking object as if no debug info
Vektoria_Debug64.lib(GeoQuad.obj) : warning LNK4099: PDB '' was not found with 'Vektoria_Debug64.lib(GeoQuad.obj)' or at ''; linking object as if no debug info
Vektoria_Debug64.lib(Sprite.obj) : warning LNK4099: PDB '' was not found with 'Vektoria_Debug64.lib(Sprite.obj)' or at ''; linking object as if no debug info
Vektoria_Debug64.lib(Background.obj) : warning LNK4099: PDB '' was not found with 'Vektoria_Debug64.lib(Background.obj)' or at ''; linking object as if no debug info
Vektoria_Debug64.lib(Overlay.obj) : warning LNK4099: PDB '' was not found with 'Vektoria_Debug64.lib(Overlay.obj)' or at ''; linking object as if no debug info
Vektoria_Debug64.lib(Overlays.obj) : warning LNK4099: PDB '' was not found with 'Vektoria_Debug64.lib(Overlays.obj)' or at ''; linking object as if no debug info
Vektoria_Debug64.lib(Geos.obj) : warning LNK4099: PDB '' was not found with 'Vektoria_Debug64.lib(Geos.obj)' or at ''; linking object as if no debug info
Vektoria_Debug64.lib(Placement.obj) : warning LNK4099: PDB '' was not found with 'Vektoria_Debug64.lib(Placement.obj)' or at ''; linking object as if no debug info
Vektoria_Debug64.lib(Viewport.obj) : warning LNK4099: PDB '' was not found with 'Vektoria_Debug64.lib(Viewport.obj)' or at ''; linking object as if no debug info
Vektoria_Debug64.lib(DeviceKeyboard.obj) : warning LNK4099: PDB '' was not found with 'Vektoria_Debug64.lib(DeviceKeyboard.obj)' or at ''; linking object as if no debug info
Vektoria_Debug64.lib(DeviceCursor.obj) : warning LNK4099: PDB '' was not found with 'Vektoria_Debug64.lib(DeviceCursor.obj)' or at ''; linking object as if no debug info
Vektoria_Debug64.lib(Frame.obj) : warning LNK4099: PDB '' was not found with 'Vektoria_Debug64.lib(Frame.obj)' or at ''; linking object as if no debug info
Vektoria_Debug64.lib(Placements.obj) : warning LNK4099: PDB '' was not found with 'Vektoria_Debug64.lib(Placements.obj)' or at ''; linking object as if no debug info
Vektoria_Debug64.lib(GeoCone.obj) : warning LNK4099: PDB '' was not found with 'Vektoria_Debug64.lib(GeoCone.obj)' or at ''; linking object as if no debug info
Vektoria_Debug64.lib(GeoSphere.obj) : warning LNK4099: PDB '' was not found with 'Vektoria_Debug64.lib(GeoSphere.obj)' or at ''; linking object as if no debug info
Vektoria_Debug64.lib(GeoCube.obj) : warning LNK4099: PDB '' was not found with 'Vektoria_Debug64.lib(GeoCube.obj)' or at ''; linking object as if no debug info
Vektoria_Debug64.lib(Root.obj) : warning LNK4099: PDB '' was not found with 'Vektoria_Debug64.lib(Root.obj)' or at ''; linking object as if no debug info
Vektoria_Debug64.lib(Splash.obj) : warning LNK4099: PDB '' was not found with 'Vektoria_Debug64.lib(Splash.obj)' or at ''; linking object as if no debug info
Vektoria_Debug64.lib(Timer.obj) : warning LNK4099: PDB '' was not found with 'Vektoria_Debug64.lib(Timer.obj)' or at ''; linking object as if no debug info
Vektoria_Debug64.lib(Nodes.obj) : warning LNK4099: PDB '' was not found with 'Vektoria_Debug64.lib(Nodes.obj)' or at ''; linking object as if no debug info
Vektoria_Debug64.lib(FileVektoria.obj) : warning LNK4099: PDB '' was not found with 'Vektoria_Debug64.lib(FileVektoria.obj)' or at ''; linking object as if no debug info
Vektoria_Debug64.lib(Node3D.obj) : warning LNK4099: PDB '' was not found with 'Vektoria_Debug64.lib(Node3D.obj)' or at ''; linking object as if no debug info
Vektoria_Debug64.lib(RootGlobals.obj) : warning LNK4099: PDB '' was not found with 'Vektoria_Debug64.lib(RootGlobals.obj)' or at ''; linking object as if no debug info
Vektoria_Debug64.lib(UtilLogFile.obj) : warning LNK4099: PDB '' was not found with 'Vektoria_Debug64.lib(UtilLogFile.obj)' or at ''; linking object as if no debug info
Vektoria_Debug64.lib(Texture.obj) : warning LNK4099: PDB '' was not found with 'Vektoria_Debug64.lib(Texture.obj)' or at ''; linking object as if no debug info
Vektoria_Debug64.lib(Emitter.obj) : warning LNK4099: PDB '' was not found with 'Vektoria_Debug64.lib(Emitter.obj)' or at ''; linking object as if no debug info
Vektoria_Debug64.lib(Emitters.obj) : warning LNK4099: PDB '' was not found with 'Vektoria_Debug64.lib(Emitters.obj)' or at ''; linking object as if no debug info
Vektoria_Debug64.lib(Scenes.obj) : warning LNK4099: PDB '' was not found with 'Vektoria_Debug64.lib(Scenes.obj)' or at ''; linking object as if no debug info
Vektoria_Debug64.lib(Vertex.obj) : warning LNK4099: PDB '' was not found with 'Vektoria_Debug64.lib(Vertex.obj)' or at ''; linking object as if no debug info
Vektoria_Debug64.lib(Vertices.obj) : warning LNK4099: PDB '' was not found with 'Vektoria_Debug64.lib(Vertices.obj)' or at ''; linking object as if no debug info
Vektoria_Debug64.lib(GeoTriangleList.obj) : warning LNK4099: PDB '' was not found with 'Vektoria_Debug64.lib(GeoTriangleList.obj)' or at ''; linking object as if no debug info
Vektoria_Debug64.lib(GeoTriangleTable.obj) : warning LNK4099: PDB '' was not found with 'Vektoria_Debug64.lib(GeoTriangleTable.obj)' or at ''; linking object as if no debug info
Vektoria_Debug64.lib(GeoPointList.obj) : warning LNK4099: PDB '' was not found with 'Vektoria_Debug64.lib(GeoPointList.obj)' or at ''; linking object as if no debug info
Vektoria_Debug64.lib(GeoLineList.obj) : warning LNK4099: PDB '' was not found with 'Vektoria_Debug64.lib(GeoLineList.obj)' or at ''; linking object as if no debug info
Vektoria_Debug64.lib(Light.obj) : warning LNK4099: PDB '' was not found with 'Vektoria_Debug64.lib(Light.obj)' or at ''; linking object as if no debug info
Vektoria_Debug64.lib(Viewports.obj) : warning LNK4099: PDB '' was not found with 'Vektoria_Debug64.lib(Viewports.obj)' or at ''; linking object as if no debug info
Vektoria_Debug64.lib(LightParallels.obj) : warning LNK4099: PDB '' was not found with 'Vektoria_Debug64.lib(LightParallels.obj)' or at ''; linking object as if no debug info
Vektoria_Debug64.lib(Cameras.obj) : warning LNK4099: PDB '' was not found with 'Vektoria_Debug64.lib(Cameras.obj)' or at ''; linking object as if no debug info
Vektoria_Debug64.lib(Audios.obj) : warning LNK4099: PDB '' was not found with 'Vektoria_Debug64.lib(Audios.obj)' or at ''; linking object as if no debug info
Vektoria_Debug64.lib(ScenePhysics.obj) : warning LNK4099: PDB '' was not found with 'Vektoria_Debug64.lib(ScenePhysics.obj)' or at ''; linking object as if no debug info
Vektoria_Debug64.lib(SceneWeather.obj) : warning LNK4099: PDB '' was not found with 'Vektoria_Debug64.lib(SceneWeather.obj)' or at ''; linking object as if no debug info
Vektoria_Debug64.lib(LightSpot.obj) : warning LNK4099: PDB '' was not found with 'Vektoria_Debug64.lib(LightSpot.obj)' or at ''; linking object as if no debug info
Vektoria_Debug64.lib(NodeInstance2D.obj) : warning LNK4099: PDB '' was not found with 'Vektoria_Debug64.lib(NodeInstance2D.obj)' or at ''; linking object as if no debug info
Vektoria_Debug64.lib(Face.obj) : warning LNK4099: PDB '' was not found with 'Vektoria_Debug64.lib(Face.obj)' or at ''; linking object as if no debug info
Vektoria_Debug64.lib(Faces.obj) : warning LNK4099: PDB '' was not found with 'Vektoria_Debug64.lib(Faces.obj)' or at ''; linking object as if no debug info
Vektoria_Debug64.lib(GeoCutout.obj) : warning LNK4099: PDB '' was not found with 'Vektoria_Debug64.lib(GeoCutout.obj)' or at ''; linking object as if no debug info
Vektoria_Debug64.lib(Writing.obj) : warning LNK4099: PDB '' was not found with 'Vektoria_Debug64.lib(Writing.obj)' or at ''; linking object as if no debug info
Vektoria_Debug64.lib(Writings.obj) : warning LNK4099: PDB '' was not found with 'Vektoria_Debug64.lib(Writings.obj)' or at ''; linking object as if no debug info
Vektoria_Debug64.lib(GeoWing.obj) : warning LNK4099: PDB '' was not found with 'Vektoria_Debug64.lib(GeoWing.obj)' or at ''; linking object as if no debug info
Vektoria_Debug64.lib(GeoTerrains.obj) : warning LNK4099: PDB '' was not found with 'Vektoria_Debug64.lib(GeoTerrains.obj)' or at ''; linking object as if no debug info
Vektoria_Debug64.lib(LightRadial.obj) : warning LNK4099: PDB '' was not found with 'Vektoria_Debug64.lib(LightRadial.obj)' or at ''; linking object as if no debug info
Vektoria_Debug64.lib(LightRadials.obj) : warning LNK4099: PDB '' was not found with 'Vektoria_Debug64.lib(LightRadials.obj)' or at ''; linking object as if no debug info
Vektoria_Debug64.lib(LightSpots.obj) : warning LNK4099: PDB '' was not found with 'Vektoria_Debug64.lib(LightSpots.obj)' or at ''; linking object as if no debug info
Vektoria_Debug64.lib(GeoWindow.obj) : warning LNK4099: PDB '' was not found with 'Vektoria_Debug64.lib(GeoWindow.obj)' or at ''; linking object as if no debug info
Vektoria_Debug64.lib(PlacementPhysics.obj) : warning LNK4099: PDB '' was not found with 'Vektoria_Debug64.lib(PlacementPhysics.obj)' or at ''; linking object as if no debug info
Vektoria_Debug64.lib(GeoTriangleLists.obj) : warning LNK4099: PDB '' was not found with 'Vektoria_Debug64.lib(GeoTriangleLists.obj)' or at ''; linking object as if no debug info
Vektoria_Debug64.lib(Wribel.obj) : warning LNK4099: PDB '' was not found with 'Vektoria_Debug64.lib(Wribel.obj)' or at ''; linking object as if no debug info
Vektoria_Debug64.lib(Wribels.obj) : warning LNK4099: PDB '' was not found with 'Vektoria_Debug64.lib(Wribels.obj)' or at ''; linking object as if no debug info
Vektoria_Debug64.lib(Backgrounds.obj) : warning LNK4099: PDB '' was not found with 'Vektoria_Debug64.lib(Backgrounds.obj)' or at ''; linking object as if no debug info
Vektoria_Debug64.lib(Device.obj) : warning LNK4099: PDB '' was not found with 'Vektoria_Debug64.lib(Device.obj)' or at ''; linking object as if no debug info
Vektoria_Debug64.lib(HitPoints.obj) : warning LNK4099: PDB '' was not found with 'Vektoria_Debug64.lib(HitPoints.obj)' or at ''; linking object as if no debug info
Vektoria_Debug64.lib(DeviceGameControllers.obj) : warning LNK4099: PDB '' was not found with 'Vektoria_Debug64.lib(DeviceGameControllers.obj)' or at ''; linking object as if no debug info
Vektoria_Debug64.lib(DeviceVRControllers.obj) : warning LNK4099: PDB '' was not found with 'Vektoria_Debug64.lib(DeviceVRControllers.obj)' or at ''; linking object as if no debug info
Vektoria_Debug64.lib(GeoSweep.obj) : warning LNK4099: PDB '' was not found with 'Vektoria_Debug64.lib(GeoSweep.obj)' or at ''; linking object as if no debug info
Vektoria_Debug64.lib(GeoEllipsoid.obj) : warning LNK4099: PDB '' was not found with 'Vektoria_Debug64.lib(GeoEllipsoid.obj)' or at ''; linking object as if no debug info
Vektoria_Debug64.lib(Frames.obj) : warning LNK4099: PDB '' was not found with 'Vektoria_Debug64.lib(Frames.obj)' or at ''; linking object as if no debug info
Vektoria_Debug64.lib(Hardware.obj) : warning LNK4099: PDB '' was not found with 'Vektoria_Debug64.lib(Hardware.obj)' or at ''; linking object as if no debug info
Vektoria_Debug64.lib(Hardwares.obj) : warning LNK4099: PDB '' was not found with 'Vektoria_Debug64.lib(Hardwares.obj)' or at ''; linking object as if no debug info
Vektoria_Debug64.lib(Materials.obj) : warning LNK4099: PDB '' was not found with 'Vektoria_Debug64.lib(Materials.obj)' or at ''; linking object as if no debug info
Vektoria_Debug64.lib(NodeInstance3D.obj) : warning LNK4099: PDB '' was not found with 'Vektoria_Debug64.lib(NodeInstance3D.obj)' or at ''; linking object as if no debug info
Vektoria_Debug64.lib(EmitterParticles.obj) : warning LNK4099: PDB '' was not found with 'Vektoria_Debug64.lib(EmitterParticles.obj)' or at ''; linking object as if no debug info
Vektoria_Debug64.lib(Octree.obj) : warning LNK4099: PDB '' was not found with 'Vektoria_Debug64.lib(Octree.obj)' or at ''; linking object as if no debug info
Vektoria_Debug64.lib(GeoTriangleTableIntersects.obj) : warning LNK4099: PDB '' was not found with 'Vektoria_Debug64.lib(GeoTriangleTableIntersects.obj)' or at ''; linking object as if no debug info
Vektoria_Debug64.lib(GeoDome.obj) : warning LNK4099: PDB '' was not found with 'Vektoria_Debug64.lib(GeoDome.obj)' or at ''; linking object as if no debug info
Vektoria_Debug64.lib(NodeInstance.obj) : warning LNK4099: PDB '' was not found with 'Vektoria_Debug64.lib(NodeInstance.obj)' or at ''; linking object as if no debug info
Vektoria_Debug64.lib(WritingChar.obj) : warning LNK4099: PDB '' was not found with 'Vektoria_Debug64.lib(WritingChar.obj)' or at ''; linking object as if no debug info
Vektoria_Debug64.lib(WritingChars.obj) : warning LNK4099: PDB '' was not found with 'Vektoria_Debug64.lib(WritingChars.obj)' or at ''; linking object as if no debug info
Vektoria_Debug64.lib(GeoWindowInstance.obj) : warning LNK4099: PDB '' was not found with 'Vektoria_Debug64.lib(GeoWindowInstance.obj)' or at ''; linking object as if no debug info
Vektoria_Debug64.lib(GeoWall.obj) : warning LNK4099: PDB '' was not found with 'Vektoria_Debug64.lib(GeoWall.obj)' or at ''; linking object as if no debug info
Vektoria_Debug64.lib(GeoWindowInstances.obj) : warning LNK4099: PDB '' was not found with 'Vektoria_Debug64.lib(GeoWindowInstances.obj)' or at ''; linking object as if no debug info
Vektoria_Debug64.lib(GeoCylinder.obj) : warning LNK4099: PDB '' was not found with 'Vektoria_Debug64.lib(GeoCylinder.obj)' or at ''; linking object as if no debug info
Vektoria_Debug64.lib(GeoWings.obj) : warning LNK4099: PDB '' was not found with 'Vektoria_Debug64.lib(GeoWings.obj)' or at ''; linking object as if no debug info
Vektoria_Debug64.lib(GeoTerrain.obj) : warning LNK4099: PDB '' was not found with 'Vektoria_Debug64.lib(GeoTerrain.obj)' or at ''; linking object as if no debug info
Vektoria_Debug64.lib(GeoWalls.obj) : warning LNK4099: PDB '' was not found with 'Vektoria_Debug64.lib(GeoWalls.obj)' or at ''; linking object as if no debug info
Vektoria_Debug64.lib(WritingFont.obj) : warning LNK4099: PDB '' was not found with 'Vektoria_Debug64.lib(WritingFont.obj)' or at ''; linking object as if no debug info
Vektoria_Debug64.lib(DeviceGameController.obj) : warning LNK4099: PDB '' was not found with 'Vektoria_Debug64.lib(DeviceGameController.obj)' or at ''; linking object as if no debug info
Vektoria_Debug64.lib(DeviceVRController.obj) : warning LNK4099: PDB '' was not found with 'Vektoria_Debug64.lib(DeviceVRController.obj)' or at ''; linking object as if no debug info
Vektoria_Debug64.lib(GeoTerrainCreateHeight.obj) : warning LNK4099: PDB '' was not found with 'Vektoria_Debug64.lib(GeoTerrainCreateHeight.obj)' or at ''; linking object as if no debug info
VektoriaMath_Debug64.lib(HVector.obj) : warning LNK4099: PDB '' was not found with 'VektoriaMath_Debug64.lib(HVector.obj)' or at ''; linking object as if no debug info
VektoriaMath_Debug64.lib(Color.obj) : warning LNK4099: PDB '' was not found with 'VektoriaMath_Debug64.lib(Color.obj)' or at ''; linking object as if no debug info
VektoriaMath_Debug64.lib(Ray.obj) : warning LNK4099: PDB '' was not found with 'VektoriaMath_Debug64.lib(Ray.obj)' or at ''; linking object as if no debug info
VektoriaMath_Debug64.lib(2dRect.obj) : warning LNK4099: PDB '' was not found with 'VektoriaMath_Debug64.lib(2dRect.obj)' or at ''; linking object as if no debug info
VektoriaMath_Debug64.lib(HMat.obj) : warning LNK4099: PDB '' was not found with 'VektoriaMath_Debug64.lib(HMat.obj)' or at ''; linking object as if no debug info
VektoriaMath_Debug64.lib(AABB.obj) : warning LNK4099: PDB '' was not found with 'VektoriaMath_Debug64.lib(AABB.obj)' or at ''; linking object as if no debug info
VektoriaMath_Debug64.lib(GraphNoise.obj) : warning LNK4099: PDB '' was not found with 'VektoriaMath_Debug64.lib(GraphNoise.obj)' or at ''; linking object as if no debug info
VektoriaMath_Debug64.lib(Perlin.obj) : warning LNK4099: PDB '' was not found with 'VektoriaMath_Debug64.lib(Perlin.obj)' or at ''; linking object as if no debug info
VektoriaMath_Debug64.lib(Blobs.obj) : warning LNK4099: PDB '' was not found with 'VektoriaMath_Debug64.lib(Blobs.obj)' or at ''; linking object as if no debug info
VektoriaMath_Debug64.lib(2dVector.obj) : warning LNK4099: PDB '' was not found with 'VektoriaMath_Debug64.lib(2dVector.obj)' or at ''; linking object as if no debug info
VektoriaMath_Debug64.lib(FrustumCasted.obj) : warning LNK4099: PDB '' was not found with 'VektoriaMath_Debug64.lib(FrustumCasted.obj)' or at ''; linking object as if no debug info
VektoriaMath_Debug64.lib(Outline.obj) : warning LNK4099: PDB '' was not found with 'VektoriaMath_Debug64.lib(Outline.obj)' or at ''; linking object as if no debug info
VektoriaMath_Debug64.lib(Outlines.obj) : warning LNK4099: PDB '' was not found with 'VektoriaMath_Debug64.lib(Outlines.obj)' or at ''; linking object as if no debug info
VektoriaMath_Debug64.lib(2dVertices.obj) : warning LNK4099: PDB '' was not found with 'VektoriaMath_Debug64.lib(2dVertices.obj)' or at ''; linking object as if no debug info
VektoriaMath_Debug64.lib(Quaternion.obj) : warning LNK4099: PDB '' was not found with 'VektoriaMath_Debug64.lib(Quaternion.obj)' or at ''; linking object as if no debug info
VektoriaMath_Debug64.lib(Raycast.obj) : warning LNK4099: PDB '' was not found with 'VektoriaMath_Debug64.lib(Raycast.obj)' or at ''; linking object as if no debug info
VektoriaMath_Debug64.lib(Plane.obj) : warning LNK4099: PDB '' was not found with 'VektoriaMath_Debug64.lib(Plane.obj)' or at ''; linking object as if no debug info
VektoriaMath_Debug64.lib(HMats.obj) : warning LNK4099: PDB '' was not found with 'VektoriaMath_Debug64.lib(HMats.obj)' or at ''; linking object as if no debug info
VektoriaMath_Debug64.lib(HVectors.obj) : warning LNK4099: PDB '' was not found with 'VektoriaMath_Debug64.lib(HVectors.obj)' or at ''; linking object as if no debug info
VektoriaMath_Debug64.lib(2dVertex.obj) : warning LNK4099: PDB '' was not found with 'VektoriaMath_Debug64.lib(2dVertex.obj)' or at ''; linking object as if no debug info
VektoriaMath_Debug64.lib(2dTriangle.obj) : warning LNK4099: PDB '' was not found with 'VektoriaMath_Debug64.lib(2dTriangle.obj)' or at ''; linking object as if no debug info
VektoriaMath_Debug64.lib(2dTriangles.obj) : warning LNK4099: PDB '' was not found with 'VektoriaMath_Debug64.lib(2dTriangles.obj)' or at ''; linking object as if no debug info
VektoriaMath_Debug64.lib(2dVertexStack.obj) : warning LNK4099: PDB '' was not found with 'VektoriaMath_Debug64.lib(2dVertexStack.obj)' or at ''; linking object as if no debug info
VektoriaMath_Debug64.lib(Cuts.obj) : warning LNK4099: PDB '' was not found with 'VektoriaMath_Debug64.lib(Cuts.obj)' or at ''; linking object as if no debug info
VektoriaMath_Debug64.lib(Blob.obj) : warning LNK4099: PDB '' was not found with 'VektoriaMath_Debug64.lib(Blob.obj)' or at ''; linking object as if no debug info
VektoriaMath_Debug64.lib(SineWaves.obj) : warning LNK4099: PDB '' was not found with 'VektoriaMath_Debug64.lib(SineWaves.obj)' or at ''; linking object as if no debug info
VektoriaMath_Debug64.lib(Random.obj) : warning LNK4099: PDB '' was not found with 'VektoriaMath_Debug64.lib(Random.obj)' or at ''; linking object as if no debug info
VektoriaMath_Debug64.lib(2dVectors.obj) : warning LNK4099: PDB '' was not found with 'VektoriaMath_Debug64.lib(2dVectors.obj)' or at ''; linking object as if no debug info
VektoriaMath_Debug64.lib(2dLine.obj) : warning LNK4099: PDB '' was not found with 'VektoriaMath_Debug64.lib(2dLine.obj)' or at ''; linking object as if no debug info
VektoriaMath_Debug64.lib(Cut.obj) : warning LNK4099: PDB '' was not found with 'VektoriaMath_Debug64.lib(Cut.obj)' or at ''; linking object as if no debug info
VektoriaMath_Debug64.lib(SineWave.obj) : warning LNK4099: PDB '' was not found with 'VektoriaMath_Debug64.lib(SineWave.obj)' or at ''; linking object as if no debug info
  VektoriaApp.vcxproj -> C:\Users\karen\Desktop\Studium\A-Zweitstudium\3. Semester\Game Engineering\Übungen\Übung 1-6\x64\Debug\VektoriaApp.exe
